d:\chatserver\chatserver\debug\vc142.pdb
d:\chatserver\chatserver\debug\vc142.idb
d:\chatserver\chatserver\debug\emailsender.obj
d:\chatserver\chatserver\debug\dyndns.obj
d:\chatserver\chatserver\debug\ds_table.obj
d:\chatserver\chatserver\debug\ds_huffmanencodingtree.obj
d:\chatserver\chatserver\debug\ds_bytequeue.obj
d:\chatserver\chatserver\debug\ds_bytepool.obj
d:\chatserver\chatserver\debug\dr_sha1.obj
d:\chatserver\chatserver\debug\directorydeltatransfer.obj
d:\chatserver\chatserver\debug\datacompressor.obj
d:\chatserver\chatserver\debug\consoleserver.obj
d:\chatserver\chatserver\debug\connectiongraph2.obj
d:\chatserver\chatserver\debug\commandparserinterface.obj
d:\chatserver\chatserver\debug\cloudserver.obj
d:\chatserver\chatserver\debug\cloudcommon.obj
d:\chatserver\chatserver\debug\cloudclient.obj
d:\chatserver\chatserver\debug\checksum.obj
d:\chatserver\chatserver\debug\ccraknetudt.obj
d:\chatserver\chatserver\debug\ccraknetslidingwindow.obj
d:\chatserver\chatserver\debug\bitstream.obj
d:\chatserver\chatserver\debug\base64encoder.obj
d:\chatserver\chatserver\debug\natpunchthroughclient.obj
d:\chatserver\chatserver\debug\messagefilter.obj
d:\chatserver\chatserver\debug\logcommandparser.obj
d:\chatserver\chatserver\debug\locklesstypes.obj
d:\chatserver\chatserver\debug\linuxstrings.obj
d:\chatserver\chatserver\debug\itoa.obj
d:\chatserver\chatserver\debug\incrementalreadinterface.obj
d:\chatserver\chatserver\debug\httpconnection2.obj
d:\chatserver\chatserver\debug\httpconnection.obj
d:\chatserver\chatserver\debug\gridsectorizer.obj
d:\chatserver\chatserver\debug\gettimeofday.obj
d:\chatserver\chatserver\debug\gettime.obj
d:\chatserver\chatserver\debug\gets.obj
d:\chatserver\chatserver\debug\getche.obj
d:\chatserver\chatserver\debug\fullyconnectedmesh2.obj
d:\chatserver\chatserver\debug\formatstring.obj
d:\chatserver\chatserver\debug\fileoperations.obj
d:\chatserver\chatserver\debug\filelisttransfer.obj
d:\chatserver\chatserver\debug\filelist.obj
d:\chatserver\chatserver\debug\epochtimetostring.obj
d:\chatserver\chatserver\debug\raknetsocket2_berkley.obj
d:\chatserver\chatserver\debug\raknetsocket2_360_720.obj
d:\chatserver\chatserver\debug\raknetsocket2.obj
d:\chatserver\chatserver\debug\raknetsocket.obj
d:\chatserver\chatserver\debug\raknetcommandparser.obj
d:\chatserver\chatserver\debug\rakmemoryoverride.obj
d:\chatserver\chatserver\debug\rackspace.obj
d:\chatserver\chatserver\debug\ps4includes.obj
d:\chatserver\chatserver\debug\plugininterface2.obj
d:\chatserver\chatserver\debug\packetoutputwindowlogger.obj
d:\chatserver\chatserver\debug\packetlogger.obj
d:\chatserver\chatserver\debug\packetizedtcp.obj
d:\chatserver\chatserver\debug\packetfilelogger.obj
d:\chatserver\chatserver\debug\packetconsolelogger.obj
d:\chatserver\chatserver\debug\networkidobject.obj
d:\chatserver\chatserver\debug\networkidmanager.obj
d:\chatserver\chatserver\debug\nattypedetectionserver.obj
d:\chatserver\chatserver\debug\nattypedetectioncommon.obj
d:\chatserver\chatserver\debug\nattypedetectionclient.obj
d:\chatserver\chatserver\debug\natpunchthroughserver.obj
d:\chatserver\chatserver\debug\relayplugin.obj
d:\chatserver\chatserver\debug\readyevent.obj
d:\chatserver\chatserver\debug\randsync.obj
d:\chatserver\chatserver\debug\rand.obj
d:\chatserver\chatserver\debug\rakwstring.obj
d:\chatserver\chatserver\debug\rakthread.obj
d:\chatserver\chatserver\debug\rakstring.obj
d:\chatserver\chatserver\debug\raksleep.obj
d:\chatserver\chatserver\debug\rakpeer.obj
d:\chatserver\chatserver\debug\raknettypes.obj
d:\chatserver\chatserver\debug\raknettransport2.obj
d:\chatserver\chatserver\debug\raknetstatistics.obj
d:\chatserver\chatserver\debug\raknetsocket2_windows_linux_360.obj
d:\chatserver\chatserver\debug\raknetsocket2_windows_linux.obj
d:\chatserver\chatserver\debug\raknetsocket2_windowsstore8.obj
d:\chatserver\chatserver\debug\raknetsocket2_vita.obj
d:\chatserver\chatserver\debug\raknetsocket2_ps4.obj
d:\chatserver\chatserver\debug\raknetsocket2_ps3_ps4.obj
d:\chatserver\chatserver\debug\raknetsocket2_nativeclient.obj
d:\chatserver\chatserver\debug\raknetsocket2_berkley_nativeclient.obj
d:\chatserver\chatserver\debug\twowayauthentication.obj
d:\chatserver\chatserver\debug\threadsafepacketlogger.obj
d:\chatserver\chatserver\debug\telnettransport.obj
d:\chatserver\chatserver\debug\teammanager.obj
d:\chatserver\chatserver\debug\teambalancer.obj
d:\chatserver\chatserver\debug\tcpinterface.obj
d:\chatserver\chatserver\debug\tableserializer.obj
d:\chatserver\chatserver\debug\superfasthash.obj
d:\chatserver\chatserver\debug\stringtable.obj
d:\chatserver\chatserver\debug\stringcompressor.obj
d:\chatserver\chatserver\debug\statisticshistory.obj
d:\chatserver\chatserver\debug\socketlayer.obj
d:\chatserver\chatserver\debug\simplemutex.obj
d:\chatserver\chatserver\debug\signaledevent.obj
d:\chatserver\chatserver\debug\sendtothread.obj
d:\chatserver\chatserver\debug\securehandshake.obj
d:\chatserver\chatserver\debug\rpc4plugin.obj
d:\chatserver\chatserver\debug\router2.obj
d:\chatserver\chatserver\debug\replicamanager3.obj
d:\chatserver\chatserver\debug\reliabilitylayer.obj
d:\chatserver\chatserver\debug\main.obj
d:\chatserver\chatserver\debug\_findfirst.obj
d:\chatserver\chatserver\debug\wsastartupsingleton.obj
d:\chatserver\chatserver\debug\vitaincludes.obj
d:\chatserver\chatserver\debug\variadicsqlparser.obj
d:\chatserver\chatserver\debug\variablelistdeltatracker.obj
d:\chatserver\chatserver\debug\variabledeltaserializer.obj
d:\chatserver\chatserver\debug\udpproxyserver.obj
d:\chatserver\chatserver\debug\udpproxycoordinator.obj
d:\chatserver\chatserver\debug\udpproxyclient.obj
d:\chatserver\chatserver\debug\udpforwarder.obj
d:\chatserver\debug\chatserver.pdb
d:\chatserver\chatserver\debug\chatserver.tlog\cl.command.1.tlog
d:\chatserver\chatserver\debug\chatserver.tlog\cl.read.1.tlog
d:\chatserver\chatserver\debug\chatserver.tlog\cl.write.1.tlog
d:\chatserver\chatserver\debug\chatserver.tlog\link-cvtres.read.1.tlog
d:\chatserver\chatserver\debug\chatserver.tlog\link-cvtres.write.1.tlog
d:\chatserver\chatserver\debug\chatserver.tlog\link-rc.read.1.tlog
d:\chatserver\chatserver\debug\chatserver.tlog\link-rc.write.1.tlog
d:\chatserver\chatserver\debug\chatserver.tlog\link.command.1.tlog
d:\chatserver\chatserver\debug\chatserver.tlog\link.read.1.tlog
d:\chatserver\chatserver\debug\chatserver.tlog\link.write.1.tlog
