k:\github repos\raknet-testing\release\chatserver.lib
k:\github repos\raknet-testing\release\chatserver.exp
k:\github repos\raknet-testing\release\chatserver.ipdb
k:\github repos\raknet-testing\release\chatserver.iobj
d:\github repos\raknet-testing\release\chatserver.lib
d:\github repos\raknet-testing\release\chatserver.exp
d:\github repos\raknet-testing\release\chatserver.ipdb
d:\github repos\raknet-testing\release\chatserver.iobj
d:\github repos\raknet-testing\chatserver\release\vc142.pdb
d:\github repos\raknet-testing\chatserver\release\dyndns.obj
d:\github repos\raknet-testing\chatserver\release\ds_table.obj
d:\github repos\raknet-testing\chatserver\release\ds_huffmanencodingtree.obj
d:\github repos\raknet-testing\chatserver\release\ds_bytequeue.obj
d:\github repos\raknet-testing\chatserver\release\ds_bytepool.obj
d:\github repos\raknet-testing\chatserver\release\dr_sha1.obj
d:\github repos\raknet-testing\chatserver\release\directorydeltatransfer.obj
d:\github repos\raknet-testing\chatserver\release\datacompressor.obj
d:\github repos\raknet-testing\chatserver\release\consoleserver.obj
d:\github repos\raknet-testing\chatserver\release\connectiongraph2.obj
d:\github repos\raknet-testing\chatserver\release\commandparserinterface.obj
d:\github repos\raknet-testing\chatserver\release\cloudserver.obj
d:\github repos\raknet-testing\chatserver\release\cloudcommon.obj
d:\github repos\raknet-testing\chatserver\release\cloudclient.obj
d:\github repos\raknet-testing\chatserver\release\checksum.obj
d:\github repos\raknet-testing\chatserver\release\ccraknetudt.obj
d:\github repos\raknet-testing\chatserver\release\ccraknetslidingwindow.obj
d:\github repos\raknet-testing\chatserver\release\bitstream.obj
d:\github repos\raknet-testing\chatserver\release\base64encoder.obj
d:\github repos\raknet-testing\chatserver\release\main.obj
d:\github repos\raknet-testing\chatserver\release\messagefilter.obj
d:\github repos\raknet-testing\chatserver\release\logcommandparser.obj
d:\github repos\raknet-testing\chatserver\release\locklesstypes.obj
d:\github repos\raknet-testing\chatserver\release\linuxstrings.obj
d:\github repos\raknet-testing\chatserver\release\itoa.obj
d:\github repos\raknet-testing\chatserver\release\incrementalreadinterface.obj
d:\github repos\raknet-testing\chatserver\release\httpconnection2.obj
d:\github repos\raknet-testing\chatserver\release\httpconnection.obj
d:\github repos\raknet-testing\chatserver\release\gridsectorizer.obj
d:\github repos\raknet-testing\chatserver\release\gettimeofday.obj
d:\github repos\raknet-testing\chatserver\release\gettime.obj
d:\github repos\raknet-testing\chatserver\release\gets.obj
d:\github repos\raknet-testing\chatserver\release\getche.obj
d:\github repos\raknet-testing\chatserver\release\fullyconnectedmesh2.obj
d:\github repos\raknet-testing\chatserver\release\formatstring.obj
d:\github repos\raknet-testing\chatserver\release\fileoperations.obj
d:\github repos\raknet-testing\chatserver\release\filelisttransfer.obj
d:\github repos\raknet-testing\chatserver\release\filelist.obj
d:\github repos\raknet-testing\chatserver\release\epochtimetostring.obj
d:\github repos\raknet-testing\chatserver\release\emailsender.obj
d:\github repos\raknet-testing\chatserver\release\raknetsocket2_360_720.obj
d:\github repos\raknet-testing\chatserver\release\raknetsocket2.obj
d:\github repos\raknet-testing\chatserver\release\raknetsocket.obj
d:\github repos\raknet-testing\chatserver\release\raknetcommandparser.obj
d:\github repos\raknet-testing\chatserver\release\rakmemoryoverride.obj
d:\github repos\raknet-testing\chatserver\release\rackspace.obj
d:\github repos\raknet-testing\chatserver\release\ps4includes.obj
d:\github repos\raknet-testing\chatserver\release\plugininterface2.obj
d:\github repos\raknet-testing\chatserver\release\packetoutputwindowlogger.obj
d:\github repos\raknet-testing\chatserver\release\packetlogger.obj
d:\github repos\raknet-testing\chatserver\release\packetizedtcp.obj
d:\github repos\raknet-testing\chatserver\release\packetfilelogger.obj
d:\github repos\raknet-testing\chatserver\release\packetconsolelogger.obj
d:\github repos\raknet-testing\chatserver\release\networkidobject.obj
d:\github repos\raknet-testing\chatserver\release\networkidmanager.obj
d:\github repos\raknet-testing\chatserver\release\nattypedetectionserver.obj
d:\github repos\raknet-testing\chatserver\release\nattypedetectioncommon.obj
d:\github repos\raknet-testing\chatserver\release\nattypedetectionclient.obj
d:\github repos\raknet-testing\chatserver\release\natpunchthroughserver.obj
d:\github repos\raknet-testing\chatserver\release\natpunchthroughclient.obj
d:\github repos\raknet-testing\chatserver\release\readyevent.obj
d:\github repos\raknet-testing\chatserver\release\randsync.obj
d:\github repos\raknet-testing\chatserver\release\rand.obj
d:\github repos\raknet-testing\chatserver\release\rakwstring.obj
d:\github repos\raknet-testing\chatserver\release\rakthread.obj
d:\github repos\raknet-testing\chatserver\release\rakstring.obj
d:\github repos\raknet-testing\chatserver\release\raksleep.obj
d:\github repos\raknet-testing\chatserver\release\rakpeer.obj
d:\github repos\raknet-testing\chatserver\release\raknettypes.obj
d:\github repos\raknet-testing\chatserver\release\raknettransport2.obj
d:\github repos\raknet-testing\chatserver\release\raknetstatistics.obj
d:\github repos\raknet-testing\chatserver\release\raknetsocket2_windows_linux_360.obj
d:\github repos\raknet-testing\chatserver\release\raknetsocket2_windows_linux.obj
d:\github repos\raknet-testing\chatserver\release\raknetsocket2_windowsstore8.obj
d:\github repos\raknet-testing\chatserver\release\raknetsocket2_vita.obj
d:\github repos\raknet-testing\chatserver\release\raknetsocket2_ps4.obj
d:\github repos\raknet-testing\chatserver\release\raknetsocket2_ps3_ps4.obj
d:\github repos\raknet-testing\chatserver\release\raknetsocket2_nativeclient.obj
d:\github repos\raknet-testing\chatserver\release\raknetsocket2_berkley_nativeclient.obj
d:\github repos\raknet-testing\chatserver\release\raknetsocket2_berkley.obj
d:\github repos\raknet-testing\chatserver\release\threadsafepacketlogger.obj
d:\github repos\raknet-testing\chatserver\release\telnettransport.obj
d:\github repos\raknet-testing\chatserver\release\teammanager.obj
d:\github repos\raknet-testing\chatserver\release\teambalancer.obj
d:\github repos\raknet-testing\chatserver\release\tcpinterface.obj
d:\github repos\raknet-testing\chatserver\release\tableserializer.obj
d:\github repos\raknet-testing\chatserver\release\superfasthash.obj
d:\github repos\raknet-testing\chatserver\release\stringtable.obj
d:\github repos\raknet-testing\chatserver\release\stringcompressor.obj
d:\github repos\raknet-testing\chatserver\release\statisticshistory.obj
d:\github repos\raknet-testing\chatserver\release\socketlayer.obj
d:\github repos\raknet-testing\chatserver\release\simplemutex.obj
d:\github repos\raknet-testing\chatserver\release\signaledevent.obj
d:\github repos\raknet-testing\chatserver\release\sendtothread.obj
d:\github repos\raknet-testing\chatserver\release\securehandshake.obj
d:\github repos\raknet-testing\chatserver\release\rpc4plugin.obj
d:\github repos\raknet-testing\chatserver\release\router2.obj
d:\github repos\raknet-testing\chatserver\release\replicamanager3.obj
d:\github repos\raknet-testing\chatserver\release\reliabilitylayer.obj
d:\github repos\raknet-testing\chatserver\release\relayplugin.obj
d:\github repos\raknet-testing\chatserver\release\_findfirst.obj
d:\github repos\raknet-testing\chatserver\release\wsastartupsingleton.obj
d:\github repos\raknet-testing\chatserver\release\vitaincludes.obj
d:\github repos\raknet-testing\chatserver\release\variadicsqlparser.obj
d:\github repos\raknet-testing\chatserver\release\variablelistdeltatracker.obj
d:\github repos\raknet-testing\chatserver\release\variabledeltaserializer.obj
d:\github repos\raknet-testing\chatserver\release\udpproxyserver.obj
d:\github repos\raknet-testing\chatserver\release\udpproxycoordinator.obj
d:\github repos\raknet-testing\chatserver\release\udpproxyclient.obj
d:\github repos\raknet-testing\chatserver\release\udpforwarder.obj
d:\github repos\raknet-testing\chatserver\release\twowayauthentication.obj
d:\github repos\raknet-testing\release\chatserver.exe
d:\github repos\raknet-testing\chatserver\release\chatserver.ipdb
d:\github repos\raknet-testing\chatserver\release\chatserver.iobj
d:\github repos\raknet-testing\release\chatserver.pdb
k:\github repos\raknet-testing\chatserver\release\base64encoder.obj
k:\github repos\raknet-testing\chatserver\release\bitstream.obj
k:\github repos\raknet-testing\chatserver\release\ccraknetslidingwindow.obj
k:\github repos\raknet-testing\chatserver\release\ccraknetudt.obj
k:\github repos\raknet-testing\chatserver\release\checksum.obj
k:\github repos\raknet-testing\chatserver\release\cloudclient.obj
k:\github repos\raknet-testing\chatserver\release\cloudcommon.obj
k:\github repos\raknet-testing\chatserver\release\cloudserver.obj
k:\github repos\raknet-testing\chatserver\release\commandparserinterface.obj
k:\github repos\raknet-testing\chatserver\release\connectiongraph2.obj
k:\github repos\raknet-testing\chatserver\release\consoleserver.obj
k:\github repos\raknet-testing\chatserver\release\datacompressor.obj
k:\github repos\raknet-testing\chatserver\release\directorydeltatransfer.obj
k:\github repos\raknet-testing\chatserver\release\dr_sha1.obj
k:\github repos\raknet-testing\chatserver\release\ds_bytepool.obj
k:\github repos\raknet-testing\chatserver\release\ds_bytequeue.obj
k:\github repos\raknet-testing\chatserver\release\ds_huffmanencodingtree.obj
k:\github repos\raknet-testing\chatserver\release\ds_table.obj
k:\github repos\raknet-testing\chatserver\release\dyndns.obj
k:\github repos\raknet-testing\chatserver\release\emailsender.obj
k:\github repos\raknet-testing\chatserver\release\epochtimetostring.obj
k:\github repos\raknet-testing\chatserver\release\filelist.obj
k:\github repos\raknet-testing\chatserver\release\filelisttransfer.obj
k:\github repos\raknet-testing\chatserver\release\fileoperations.obj
k:\github repos\raknet-testing\chatserver\release\formatstring.obj
k:\github repos\raknet-testing\chatserver\release\fullyconnectedmesh2.obj
k:\github repos\raknet-testing\chatserver\release\getche.obj
k:\github repos\raknet-testing\chatserver\release\gets.obj
k:\github repos\raknet-testing\chatserver\release\gettime.obj
k:\github repos\raknet-testing\chatserver\release\gettimeofday.obj
k:\github repos\raknet-testing\chatserver\release\gridsectorizer.obj
k:\github repos\raknet-testing\chatserver\release\httpconnection.obj
k:\github repos\raknet-testing\chatserver\release\httpconnection2.obj
k:\github repos\raknet-testing\chatserver\release\incrementalreadinterface.obj
k:\github repos\raknet-testing\chatserver\release\itoa.obj
k:\github repos\raknet-testing\chatserver\release\linuxstrings.obj
k:\github repos\raknet-testing\chatserver\release\locklesstypes.obj
k:\github repos\raknet-testing\chatserver\release\logcommandparser.obj
k:\github repos\raknet-testing\chatserver\release\main.obj
k:\github repos\raknet-testing\chatserver\release\messagefilter.obj
k:\github repos\raknet-testing\chatserver\release\natpunchthroughclient.obj
k:\github repos\raknet-testing\chatserver\release\natpunchthroughserver.obj
k:\github repos\raknet-testing\chatserver\release\nattypedetectionclient.obj
k:\github repos\raknet-testing\chatserver\release\nattypedetectioncommon.obj
k:\github repos\raknet-testing\chatserver\release\nattypedetectionserver.obj
k:\github repos\raknet-testing\chatserver\release\networkidmanager.obj
k:\github repos\raknet-testing\chatserver\release\networkidobject.obj
k:\github repos\raknet-testing\chatserver\release\packetconsolelogger.obj
k:\github repos\raknet-testing\chatserver\release\packetfilelogger.obj
k:\github repos\raknet-testing\chatserver\release\packetizedtcp.obj
k:\github repos\raknet-testing\chatserver\release\packetlogger.obj
k:\github repos\raknet-testing\chatserver\release\packetoutputwindowlogger.obj
k:\github repos\raknet-testing\chatserver\release\plugininterface2.obj
k:\github repos\raknet-testing\chatserver\release\ps4includes.obj
k:\github repos\raknet-testing\chatserver\release\rackspace.obj
k:\github repos\raknet-testing\chatserver\release\rakmemoryoverride.obj
k:\github repos\raknet-testing\chatserver\release\raknetcommandparser.obj
k:\github repos\raknet-testing\chatserver\release\raknetsocket.obj
k:\github repos\raknet-testing\chatserver\release\raknetsocket2.obj
k:\github repos\raknet-testing\chatserver\release\raknetsocket2_360_720.obj
k:\github repos\raknet-testing\chatserver\release\raknetsocket2_berkley.obj
k:\github repos\raknet-testing\chatserver\release\raknetsocket2_berkley_nativeclient.obj
k:\github repos\raknet-testing\chatserver\release\raknetsocket2_nativeclient.obj
k:\github repos\raknet-testing\chatserver\release\raknetsocket2_ps3_ps4.obj
k:\github repos\raknet-testing\chatserver\release\raknetsocket2_ps4.obj
k:\github repos\raknet-testing\chatserver\release\raknetsocket2_vita.obj
k:\github repos\raknet-testing\chatserver\release\raknetsocket2_windowsstore8.obj
k:\github repos\raknet-testing\chatserver\release\raknetsocket2_windows_linux.obj
k:\github repos\raknet-testing\chatserver\release\raknetsocket2_windows_linux_360.obj
k:\github repos\raknet-testing\chatserver\release\raknetstatistics.obj
k:\github repos\raknet-testing\chatserver\release\raknettransport2.obj
k:\github repos\raknet-testing\chatserver\release\raknettypes.obj
k:\github repos\raknet-testing\chatserver\release\rakpeer.obj
k:\github repos\raknet-testing\chatserver\release\raksleep.obj
k:\github repos\raknet-testing\chatserver\release\rakstring.obj
k:\github repos\raknet-testing\chatserver\release\rakthread.obj
k:\github repos\raknet-testing\chatserver\release\rakwstring.obj
k:\github repos\raknet-testing\chatserver\release\rand.obj
k:\github repos\raknet-testing\chatserver\release\randsync.obj
k:\github repos\raknet-testing\chatserver\release\readyevent.obj
k:\github repos\raknet-testing\chatserver\release\relayplugin.obj
k:\github repos\raknet-testing\chatserver\release\reliabilitylayer.obj
k:\github repos\raknet-testing\chatserver\release\replicamanager3.obj
k:\github repos\raknet-testing\chatserver\release\router2.obj
k:\github repos\raknet-testing\chatserver\release\rpc4plugin.obj
k:\github repos\raknet-testing\chatserver\release\securehandshake.obj
k:\github repos\raknet-testing\chatserver\release\sendtothread.obj
k:\github repos\raknet-testing\chatserver\release\signaledevent.obj
k:\github repos\raknet-testing\chatserver\release\simplemutex.obj
k:\github repos\raknet-testing\chatserver\release\socketlayer.obj
k:\github repos\raknet-testing\chatserver\release\statisticshistory.obj
k:\github repos\raknet-testing\chatserver\release\stringcompressor.obj
k:\github repos\raknet-testing\chatserver\release\stringtable.obj
k:\github repos\raknet-testing\chatserver\release\superfasthash.obj
k:\github repos\raknet-testing\chatserver\release\tableserializer.obj
k:\github repos\raknet-testing\chatserver\release\tcpinterface.obj
k:\github repos\raknet-testing\chatserver\release\teambalancer.obj
k:\github repos\raknet-testing\chatserver\release\teammanager.obj
k:\github repos\raknet-testing\chatserver\release\telnettransport.obj
k:\github repos\raknet-testing\chatserver\release\threadsafepacketlogger.obj
k:\github repos\raknet-testing\chatserver\release\twowayauthentication.obj
k:\github repos\raknet-testing\chatserver\release\udpforwarder.obj
k:\github repos\raknet-testing\chatserver\release\udpproxyclient.obj
k:\github repos\raknet-testing\chatserver\release\udpproxycoordinator.obj
k:\github repos\raknet-testing\chatserver\release\udpproxyserver.obj
k:\github repos\raknet-testing\chatserver\release\variabledeltaserializer.obj
k:\github repos\raknet-testing\chatserver\release\variablelistdeltatracker.obj
k:\github repos\raknet-testing\chatserver\release\variadicsqlparser.obj
k:\github repos\raknet-testing\chatserver\release\vitaincludes.obj
k:\github repos\raknet-testing\chatserver\release\wsastartupsingleton.obj
k:\github repos\raknet-testing\chatserver\release\_findfirst.obj
k:\github repos\raknet-testing\chatserver\release\chatserver.ipdb
k:\github repos\raknet-testing\chatserver\release\chatserver.iobj
k:\github repos\raknet-testing\chatserver\release\vc142.pdb
k:\github repos\raknet-testing\release\chatserver.pdb
k:\github repos\raknet-testing\release\chatserver.exe
k:\github repos\raknet-testing\chatserver\release\chatserver.tlog\chatserver.write.1u.tlog
k:\github repos\raknet-testing\chatserver\release\chatserver.tlog\cl.command.1.tlog
k:\github repos\raknet-testing\chatserver\release\chatserver.tlog\cl.read.1.tlog
k:\github repos\raknet-testing\chatserver\release\chatserver.tlog\cl.write.1.tlog
k:\github repos\raknet-testing\chatserver\release\chatserver.tlog\link.command.1.tlog
k:\github repos\raknet-testing\chatserver\release\chatserver.tlog\link.delete.1.tlog
k:\github repos\raknet-testing\chatserver\release\chatserver.tlog\link.read.1.tlog
k:\github repos\raknet-testing\chatserver\release\chatserver.tlog\link.write.1.tlog
